<?xml version="1.0" encoding="UTF-8"?>
<testsuite xmlns:xsi="http://www.w3.org/2001/XMLSchema-instance" xsi:noNamespaceSchemaLocation="https://maven.apache.org/surefire/maven-surefire-plugin/xsd/surefire-test-report.xsd" name="hellorequestparams.HelloRequestParamsTest" time="2.313" tests="5" errors="0" skipped="0" failures="0">
  <properties>
[...]
</properties>
  <testcase name="singleParamTest" classname="hellorequestparams.HelloRequestParamsTest" time="0.344"/>
  <testcase name="singleParamTest2" classname="hellorequestparams.HelloRequestParamsTest" time="0.003"/>
  <testcase name="randomPathTest" classname="hellorequestparams.HelloRequestParamsTest" time="0.013"/>
  <testcase name="multiParamsTest" classname="hellorequestparams.HelloRequestParamsTest" time="0.007"/>
  <testcase name="multiParamsTest2" classname="hellorequestparams.HelloRequestParamsTest" time="0.003"/>
</testsuite>